<?xml version="1.0" encoding="UTF-8"?>
<!-- Generated by org.testng.reporters.JUnitReportReporter -->
<testsuite hostname="Kamaly" failures="0" tests="1" name="testCases.TC_001_AccountRegisterationTest" time="3.621" errors="0" timestamp="2024-02-27T09:25:33 PST" skipped="0">
  <testcase classname="testCases.TC_001_AccountRegisterationTest" name="testAccountRegesteration" time="3.621"/>
  <system-out/>
</testsuite> <!-- testCases.TC_001_AccountRegisterationTest -->
