<?xml version="1.0" encoding="UTF-8"?>
<!-- Generated by org.testng.reporters.JUnitReportReporter -->
<testsuite hostname="Kamaly" failures="0" tests="1" name="testCases.TC_002_LoginTest" time="1.014" errors="0" timestamp="2024-02-27T09:25:33 PST" skipped="0">
  <testcase classname="testCases.TC_002_LoginTest" name="testLogin" time="1.014"/>
  <system-out/>
</testsuite> <!-- testCases.TC_002_LoginTest -->
